{"level":"info","message":"Listening to port 5000","timestamp":"2021-12-02T13:12:52.460Z"}
{"level":"info","message":"OPTIONS /v1/exercise/course/1 204 - 3.565 ms","timestamp":"2021-12-02T13:12:56.330Z"}
{"level":"error","message":"POST /v1/exercise/course/1 404 - 2137.199 ms - message: -\n","timestamp":"2021-12-02T13:12:58.471Z"}
{"level":"info","message":"Listening to port 5000","timestamp":"2021-12-02T13:15:24.534Z"}
{"level":"info","message":"OPTIONS /v1/user/1 204 - 1.189 ms","timestamp":"2021-12-02T15:02:25.890Z"}
{"level":"error","message":"GET /v1/user/1 401 - 5.334 ms - message: -\n","timestamp":"2021-12-02T15:02:25.898Z"}
{"level":"info","message":"OPTIONS /v1/user/ 204 - 0.195 ms","timestamp":"2021-12-02T15:02:25.913Z"}
{"level":"error","message":"GET /v1/user/ 401 - 1.190 ms - message: -\n","timestamp":"2021-12-02T15:02:25.917Z"}
{"level":"info","message":"OPTIONS /v1/auth/refresh-token 204 - 0.096 ms","timestamp":"2021-12-02T15:02:25.927Z"}
{"level":"info","message":"POST /v1/auth/refresh-token 200 - 2576.540 ms","timestamp":"2021-12-02T15:02:28.566Z"}
{"level":"info","message":"POST /v1/auth/refresh-token 200 - 2638.415 ms","timestamp":"2021-12-02T15:02:28.569Z"}
{"level":"info","message":"GET /v1/user/1 304 - 424.172 ms","timestamp":"2021-12-02T15:02:29.040Z"}
{"level":"info","message":"GET /v1/user/ 304 - 610.159 ms","timestamp":"2021-12-02T15:02:29.217Z"}
{"level":"info","message":"OPTIONS /v1/user/1 204 - 0.163 ms","timestamp":"2021-12-02T15:06:29.363Z"}
{"level":"info","message":"OPTIONS /v1/user/ 204 - 0.071 ms","timestamp":"2021-12-02T15:06:29.391Z"}
{"level":"info","message":"GET /v1/user/1 304 - 1134.174 ms","timestamp":"2021-12-02T15:06:30.499Z"}
{"level":"info","message":"GET /v1/user/ 304 - 1334.136 ms","timestamp":"2021-12-02T15:06:30.727Z"}
{"level":"info","message":"GET /v1/user/ 304 - 547.865 ms","timestamp":"2021-12-02T15:06:31.293Z"}
{"level":"info","message":"GET /v1/user/1 304 - 359.553 ms","timestamp":"2021-12-02T15:06:32.896Z"}
{"level":"info","message":"GET /v1/user/ 304 - 565.607 ms","timestamp":"2021-12-02T15:06:33.126Z"}
{"level":"info","message":"GET /v1/user/ 304 - 541.216 ms","timestamp":"2021-12-02T15:06:33.684Z"}
{"level":"info","message":"OPTIONS /v1/course/1 204 - 0.090 ms","timestamp":"2021-12-02T15:06:34.437Z"}
{"level":"info","message":"OPTIONS /v1/member/1 204 - 0.080 ms","timestamp":"2021-12-02T15:06:34.437Z"}
{"level":"info","message":"OPTIONS /v1/course/1/post 204 - 0.083 ms","timestamp":"2021-12-02T15:06:34.457Z"}
{"level":"info","message":"GET /v1/course/1/post 304 - 529.394 ms","timestamp":"2021-12-02T15:06:34.988Z"}
{"level":"info","message":"GET /v1/member/1 304 - 724.822 ms","timestamp":"2021-12-02T15:06:35.166Z"}
{"level":"info","message":"GET /v1/course/1 304 - 897.195 ms","timestamp":"2021-12-02T15:06:35.335Z"}
{"level":"info","message":"OPTIONS /v1/course/1 204 - 0.091 ms","timestamp":"2021-12-02T15:06:47.031Z"}
{"level":"info","message":"OPTIONS /v1/member/1 204 - 0.209 ms","timestamp":"2021-12-02T15:06:47.032Z"}
{"level":"info","message":"GET /v1/member/1 304 - 1286.679 ms","timestamp":"2021-12-02T15:06:48.322Z"}
{"level":"info","message":"GET /v1/course/1 304 - 1464.455 ms","timestamp":"2021-12-02T15:06:48.498Z"}
{"level":"info","message":"OPTIONS /v1/user/1 204 - 0.142 ms","timestamp":"2021-12-02T15:07:56.214Z"}
{"level":"info","message":"OPTIONS /v1/user/ 204 - 0.094 ms","timestamp":"2021-12-02T15:07:56.282Z"}
{"level":"info","message":"GET /v1/user/1 304 - 1188.912 ms","timestamp":"2021-12-02T15:07:57.406Z"}
{"level":"info","message":"GET /v1/user/ 304 - 1304.432 ms","timestamp":"2021-12-02T15:07:57.589Z"}
{"level":"info","message":"GET /v1/user/ 304 - 543.245 ms","timestamp":"2021-12-02T15:07:58.150Z"}
{"level":"info","message":"OPTIONS /v1/course/1 204 - 0.103 ms","timestamp":"2021-12-02T15:08:25.313Z"}
{"level":"info","message":"OPTIONS /v1/member/1 204 - 0.196 ms","timestamp":"2021-12-02T15:08:25.314Z"}
{"level":"info","message":"OPTIONS /v1/course/1/post 204 - 0.082 ms","timestamp":"2021-12-02T15:08:25.334Z"}
{"level":"info","message":"GET /v1/course/1/post 304 - 1134.345 ms","timestamp":"2021-12-02T15:08:26.470Z"}
{"level":"info","message":"GET /v1/member/1 304 - 1317.785 ms","timestamp":"2021-12-02T15:08:26.635Z"}
{"level":"info","message":"GET /v1/course/1 304 - 1501.369 ms","timestamp":"2021-12-02T15:08:26.817Z"}
{"level":"info","message":"OPTIONS /v1/course/1 204 - 0.100 ms","timestamp":"2021-12-02T15:08:45.077Z"}
{"level":"info","message":"OPTIONS /v1/member/1 204 - 0.104 ms","timestamp":"2021-12-02T15:08:45.078Z"}
{"level":"info","message":"GET /v1/member/1 304 - 1286.310 ms","timestamp":"2021-12-02T15:08:46.369Z"}
{"level":"info","message":"GET /v1/course/1 304 - 1451.045 ms","timestamp":"2021-12-02T15:08:46.530Z"}
{"level":"info","message":"OPTIONS /v1/exercise/course/1 204 - 0.100 ms","timestamp":"2021-12-02T15:09:26.203Z"}
{"level":"error","message":"POST /v1/exercise/course/1 404 - 1157.615 ms - message: -\n","timestamp":"2021-12-02T15:09:27.363Z"}
{"level":"info","message":"OPTIONS /v1/course/1 204 - 0.068 ms","timestamp":"2021-12-02T15:09:47.400Z"}
{"level":"info","message":"OPTIONS /v1/course/1/post 204 - 0.061 ms","timestamp":"2021-12-02T15:09:47.402Z"}
{"level":"info","message":"OPTIONS /v1/member/1 204 - 0.083 ms","timestamp":"2021-12-02T15:09:47.403Z"}
{"level":"info","message":"GET /v1/course/1/post 304 - 1156.557 ms","timestamp":"2021-12-02T15:09:48.563Z"}
{"level":"info","message":"GET /v1/member/1 304 - 1332.974 ms","timestamp":"2021-12-02T15:09:48.742Z"}
{"level":"info","message":"GET /v1/course/1 304 - 1513.923 ms","timestamp":"2021-12-02T15:09:48.918Z"}
{"level":"info","message":"OPTIONS /v1/course/1 204 - 0.115 ms","timestamp":"2021-12-02T15:09:52.903Z"}
{"level":"info","message":"OPTIONS /v1/member/1 204 - 0.349 ms","timestamp":"2021-12-02T15:09:52.904Z"}
{"level":"info","message":"GET /v1/member/1 304 - 539.436 ms","timestamp":"2021-12-02T15:09:53.447Z"}
{"level":"info","message":"GET /v1/course/1 304 - 717.728 ms","timestamp":"2021-12-02T15:09:53.623Z"}
{"level":"info","message":"OPTIONS /v1/exercise/course/1 204 - 0.067 ms","timestamp":"2021-12-02T15:10:01.084Z"}
{"level":"error","message":"POST /v1/exercise/course/1 404 - 357.934 ms - message: -\n","timestamp":"2021-12-02T15:10:01.444Z"}
{"level":"info","message":"OPTIONS /v1/exercise/course/1 204 - 0.073 ms","timestamp":"2021-12-02T15:10:21.142Z"}
{"level":"error","message":"POST /v1/exercise/course/1 404 - 1147.103 ms - message: -\n","timestamp":"2021-12-02T15:10:22.291Z"}
{"level":"error","message":"POST /v1/exercise/course/1 404 - 358.344 ms - message: -\n","timestamp":"2021-12-02T15:10:24.703Z"}
